<?xml version="1.0" encoding="UTF-8"?>
<testsuite xmlns:xsi="http://www.w3.org/2001/XMLSchema-instance" xsi:noNamespaceSchemaLocation="https://maven.apache.org/surefire/maven-surefire-plugin/xsd/surefire-test-report.xsd" name="com.example.junit5app.ejemplos.models.CuentaTest" time="7.204" tests="72" errors="0" skipped="8" failures="3">
  <properties>
[...]
</properties>
  <testcase name="testDineroInsuficienteExceptionCuenta" classname="com.example.junit5app.ejemplos.models.CuentaTest" time="0.084"/>
  <testcase name="testSaldoCuentaDev" classname="com.example.junit5app.ejemplos.models.CuentaTest" time="0">
    <skipped message="Assumption failed: assumption is not true" type="org.opentest4j.TestAbortedException">org.opentest4j.TestAbortedException: Assumption failed: assumption is not true
	at com.example.junit5app.ejemplos.models.CuentaTest.testSaldoCuentaDev(CuentaTest.java:280)
</skipped>
    <system-out><![CDATA[iniciando el metodo.
finalizando el metodo de prueba.
]]></system-out>
  </testcase>
  <testcase name="testSaldoCuentaDev2" classname="com.example.junit5app.ejemplos.models.CuentaTest" time="0.004"/>
  <testcase name="testRelacionBancoCuentas" classname="com.example.junit5app.ejemplos.models.CuentaTest" time="0.008"/>
  <testcase name="testDebitoCuentaMethodSource{String}[1]" classname="com.example.junit5app.ejemplos.models.CuentaTest" time="0.025"/>
  <testcase name="testDebitoCuentaMethodSource{String}[2]" classname="com.example.junit5app.ejemplos.models.CuentaTest" time="0.011"/>
  <testcase name="testDebitoCuentaMethodSource{String}[3]" classname="com.example.junit5app.ejemplos.models.CuentaTest" time="0.016"/>
  <testcase name="testDebitoCuentaMethodSource{String}[4]" classname="com.example.junit5app.ejemplos.models.CuentaTest" time="0.096"/>
  <testcase name="testDebitoCuentaMethodSource{String}[5]" classname="com.example.junit5app.ejemplos.models.CuentaTest" time="0.015"/>
  <testcase name="testDebitoCuentaMethodSource{String}[6]" classname="com.example.junit5app.ejemplos.models.CuentaTest" time="0.018"/>
  <testcase name="testDebitoCuentaRepetir{RepetitionInfo}[1]" classname="com.example.junit5app.ejemplos.models.CuentaTest" time="0.011"/>
  <testcase name="testDebitoCuentaRepetir{RepetitionInfo}[2]" classname="com.example.junit5app.ejemplos.models.CuentaTest" time="0.004"/>
  <testcase name="testDebitoCuentaRepetir{RepetitionInfo}[3]" classname="com.example.junit5app.ejemplos.models.CuentaTest" time="0.01"/>
  <testcase name="testDebitoCuentaRepetir{RepetitionInfo}[4]" classname="com.example.junit5app.ejemplos.models.CuentaTest" time="0.014"/>
  <testcase name="testDebitoCuentaRepetir{RepetitionInfo}[5]" classname="com.example.junit5app.ejemplos.models.CuentaTest" time="0.015"/>
  <testcase name="pruebaTimeout2" classname="com.example.junit5app.ejemplos.models.CuentaTest$EjemploTimeoutTest" time="0.746"/>
  <testcase name="testTimeoutAssertions" classname="com.example.junit5app.ejemplos.models.CuentaTest$EjemploTimeoutTest" time="4.013"/>
  <testcase name="pruebaTimeout" classname="com.example.junit5app.ejemplos.models.CuentaTest$EjemploTimeoutTest" time="0.109"/>
  <testcase name="testDebitoCuentaCsvSource2{String, String, String, String}[1]" classname="com.example.junit5app.ejemplos.models.CuentaTest$PruebasParametrizadasTest" time="0.02"/>
  <testcase name="testDebitoCuentaCsvSource2{String, String, String, String}[2]" classname="com.example.junit5app.ejemplos.models.CuentaTest$PruebasParametrizadasTest" time="0.037"/>
  <testcase name="testDebitoCuentaCsvSource2{String, String, String, String}[3]" classname="com.example.junit5app.ejemplos.models.CuentaTest$PruebasParametrizadasTest" time="0.012">
    <failure message="expected: &lt;true&gt; but was: &lt;false&gt;" type="org.opentest4j.AssertionFailedError"><![CDATA[org.opentest4j.AssertionFailedError: expected: <true> but was: <false>
	at com.example.junit5app.ejemplos.models.CuentaTest$PruebasParametrizadasTest.testDebitoCuentaCsvSource2(CuentaTest.java:344)
]]></failure>
    <system-out><![CDATA[iniciando el metodo.
300 -> 300
finalizando el metodo de prueba.
]]></system-out>
  </testcase>
  <testcase name="testDebitoCuentaCsvSource2{String, String, String, String}[4]" classname="com.example.junit5app.ejemplos.models.CuentaTest$PruebasParametrizadasTest" time="0.013"/>
  <testcase name="testDebitoCuentaCsvSource2{String, String, String, String}[5]" classname="com.example.junit5app.ejemplos.models.CuentaTest$PruebasParametrizadasTest" time="0.032"/>
  <testcase name="testDebitoCuentaCsvSource2{String, String, String, String}[6]" classname="com.example.junit5app.ejemplos.models.CuentaTest$PruebasParametrizadasTest" time="0.025">
    <failure message="expected: &lt;true&gt; but was: &lt;false&gt;" type="org.opentest4j.AssertionFailedError"><![CDATA[org.opentest4j.AssertionFailedError: expected: <true> but was: <false>
	at com.example.junit5app.ejemplos.models.CuentaTest$PruebasParametrizadasTest.testDebitoCuentaCsvSource2(CuentaTest.java:344)
]]></failure>
    <system-out><![CDATA[iniciando el metodo.
1000.12345 -> 1000.12345
finalizando el metodo de prueba.
]]></system-out>
  </testcase>
  <testcase name="testDebitoCuentaCsvSource{String, String}[1]" classname="com.example.junit5app.ejemplos.models.CuentaTest$PruebasParametrizadasTest" time="0.04"/>
  <testcase name="testDebitoCuentaCsvSource{String, String}[2]" classname="com.example.junit5app.ejemplos.models.CuentaTest$PruebasParametrizadasTest" time="0.03"/>
  <testcase name="testDebitoCuentaCsvSource{String, String}[3]" classname="com.example.junit5app.ejemplos.models.CuentaTest$PruebasParametrizadasTest" time="0.031"/>
  <testcase name="testDebitoCuentaCsvSource{String, String}[4]" classname="com.example.junit5app.ejemplos.models.CuentaTest$PruebasParametrizadasTest" time="0.043"/>
  <testcase name="testDebitoCuentaCsvSource{String, String}[5]" classname="com.example.junit5app.ejemplos.models.CuentaTest$PruebasParametrizadasTest" time="0.035"/>
  <testcase name="testDebitoCuentaCsvSource{String, String}[6]" classname="com.example.junit5app.ejemplos.models.CuentaTest$PruebasParametrizadasTest" time="0.042"/>
  <testcase name="testDebitoCuentaCsvFileSource{String}[1]" classname="com.example.junit5app.ejemplos.models.CuentaTest$PruebasParametrizadasTest" time="0.017"/>
  <testcase name="testDebitoCuentaCsvFileSource{String}[2]" classname="com.example.junit5app.ejemplos.models.CuentaTest$PruebasParametrizadasTest" time="0.017"/>
  <testcase name="testDebitoCuentaCsvFileSource{String}[3]" classname="com.example.junit5app.ejemplos.models.CuentaTest$PruebasParametrizadasTest" time="0.012"/>
  <testcase name="testDebitoCuentaCsvFileSource{String}[4]" classname="com.example.junit5app.ejemplos.models.CuentaTest$PruebasParametrizadasTest" time="0.005"/>
  <testcase name="testDebitoCuentaCsvFileSource{String}[5]" classname="com.example.junit5app.ejemplos.models.CuentaTest$PruebasParametrizadasTest" time="0.011"/>
  <testcase name="testDebitoCuentaCsvFileSource{String}[6]" classname="com.example.junit5app.ejemplos.models.CuentaTest$PruebasParametrizadasTest" time="0.02"/>
  <testcase name="testDebitoCuentaCsvFileSource{String}[7]" classname="com.example.junit5app.ejemplos.models.CuentaTest$PruebasParametrizadasTest" time="0.013"/>
  <testcase name="testDebitoCuentaCsvFileSource2{String, String, String, String}[1]" classname="com.example.junit5app.ejemplos.models.CuentaTest$PruebasParametrizadasTest" time="0.007"/>
  <testcase name="testDebitoCuentaCsvFileSource2{String, String, String, String}[2]" classname="com.example.junit5app.ejemplos.models.CuentaTest$PruebasParametrizadasTest" time="0.021"/>
  <testcase name="testDebitoCuentaCsvFileSource2{String, String, String, String}[3]" classname="com.example.junit5app.ejemplos.models.CuentaTest$PruebasParametrizadasTest" time="0.026"/>
  <testcase name="testDebitoCuentaCsvFileSource2{String, String, String, String}[4]" classname="com.example.junit5app.ejemplos.models.CuentaTest$PruebasParametrizadasTest" time="0.016"/>
  <testcase name="testDebitoCuentaCsvFileSource2{String, String, String, String}[5]" classname="com.example.junit5app.ejemplos.models.CuentaTest$PruebasParametrizadasTest" time="0.012"/>
  <testcase name="testDebitoCuentaCsvFileSource2{String, String, String, String}[6]" classname="com.example.junit5app.ejemplos.models.CuentaTest$PruebasParametrizadasTest" time="0.025"/>
  <testcase name="testDebitoCuentaValueSource{String}[1]" classname="com.example.junit5app.ejemplos.models.CuentaTest$PruebasParametrizadasTest" time="0.02"/>
  <testcase name="testDebitoCuentaValueSource{String}[2]" classname="com.example.junit5app.ejemplos.models.CuentaTest$PruebasParametrizadasTest" time="0.016"/>
  <testcase name="testDebitoCuentaValueSource{String}[3]" classname="com.example.junit5app.ejemplos.models.CuentaTest$PruebasParametrizadasTest" time="0.029"/>
  <testcase name="testDebitoCuentaValueSource{String}[4]" classname="com.example.junit5app.ejemplos.models.CuentaTest$PruebasParametrizadasTest" time="0.017"/>
  <testcase name="testDebitoCuentaValueSource{String}[5]" classname="com.example.junit5app.ejemplos.models.CuentaTest$PruebasParametrizadasTest" time="0.025"/>
  <testcase name="testDebitoCuentaValueSource{String}[6]" classname="com.example.junit5app.ejemplos.models.CuentaTest$PruebasParametrizadasTest" time="0.019">
    <failure message="expected: &lt;true&gt; but was: &lt;false&gt;" type="org.opentest4j.AssertionFailedError"><![CDATA[org.opentest4j.AssertionFailedError: expected: <true> but was: <false>
	at com.example.junit5app.ejemplos.models.CuentaTest$PruebasParametrizadasTest.testDebitoCuentaValueSource(CuentaTest.java:320)
]]></failure>
    <system-out><![CDATA[iniciando el metodo.
finalizando el metodo de prueba.
]]></system-out>
  </testcase>
  <testcase name="testProcesadores" classname="com.example.junit5app.ejemplos.models.CuentaTest$VariableAmbienteTest" time="0.015"/>
  <testcase name="testEnv" classname="com.example.junit5app.ejemplos.models.CuentaTest$VariableAmbienteTest" time="0">
    <skipped message="Environment variable [ENVIRONMENT] does not exist"/>
  </testcase>
  <testcase name="testEnvProdDisabled" classname="com.example.junit5app.ejemplos.models.CuentaTest$VariableAmbienteTest" time="0.008"/>
  <testcase name="testJavaHome" classname="com.example.junit5app.ejemplos.models.CuentaTest$VariableAmbienteTest" time="0.024"/>
  <testcase name="imprimirVariablesAmbiente" classname="com.example.junit5app.ejemplos.models.CuentaTest$VariableAmbienteTest" time="0.505"/>
  <testcase name="testDev" classname="com.example.junit5app.ejemplos.models.CuentaTest$SistemPropertiesTest" time="0">
    <skipped message="System property [ENV] does not exist"/>
  </testcase>
  <testcase name="testNO64" classname="com.example.junit5app.ejemplos.models.CuentaTest$SistemPropertiesTest" time="0">
    <skipped message="System property [os.arch] with value [amd64] does not match regular expression [.*32.*]"/>
  </testcase>
  <testcase name="testUsername" classname="com.example.junit5app.ejemplos.models.CuentaTest$SistemPropertiesTest" time="0">
    <skipped message="System property [user.name] with value [al221] does not match regular expression [aguzm]"/>
  </testcase>
  <testcase name="testJavaVersion" classname="com.example.junit5app.ejemplos.models.CuentaTest$SistemPropertiesTest" time="0.009"/>
  <testcase name="imprimirSystemProperties" classname="com.example.junit5app.ejemplos.models.CuentaTest$SistemPropertiesTest" time="0.522"/>
  <testcase name="testSolo64" classname="com.example.junit5app.ejemplos.models.CuentaTest$SistemPropertiesTest" time="0.02"/>
  <testcase name="soloJDK15" classname="com.example.junit5app.ejemplos.models.CuentaTest$JavaVersionTest" time="0.011"/>
  <testcase name="soloJdk8" classname="com.example.junit5app.ejemplos.models.CuentaTest$JavaVersionTest" time="0">
    <skipped message="Disabled on JRE version: 11.0.10"/>
  </testcase>
  <testcase name="testNoJDK15" classname="com.example.junit5app.ejemplos.models.CuentaTest$JavaVersionTest" time="0.004"/>
  <testcase name="testNoWindows" classname="com.example.junit5app.ejemplos.models.CuentaTest$SistemaOperativoTest" time="0">
    <skipped message="Disabled on operating system: Windows 10"/>
  </testcase>
  <testcase name="testSoloLinuxMac" classname="com.example.junit5app.ejemplos.models.CuentaTest$SistemaOperativoTest" time="0">
    <skipped message="Disabled on operating system: Windows 10"/>
  </testcase>
  <testcase name="testSoloWindows" classname="com.example.junit5app.ejemplos.models.CuentaTest$SistemaOperativoTest" time="0.009"/>
  <testcase name="testCreditoCuenta" classname="com.example.junit5app.ejemplos.models.CuentaTest$CuentaOperacionesTest" time="0.01"/>
  <testcase name="testDebitoCuenta" classname="com.example.junit5app.ejemplos.models.CuentaTest$CuentaOperacionesTest" time="0.018"/>
  <testcase name="testTransferirDineroCuentas" classname="com.example.junit5app.ejemplos.models.CuentaTest$CuentaOperacionesTest" time="0.018"/>
  <testcase name="testSaldoCuenta" classname="com.example.junit5app.ejemplos.models.CuentaTest$CuentaTestNombreSaldo" time="0.019"/>
  <testcase name="testReferenciaCuenta" classname="com.example.junit5app.ejemplos.models.CuentaTest$CuentaTestNombreSaldo" time="0.007"/>
  <testcase name="testNombreCuenta" classname="com.example.junit5app.ejemplos.models.CuentaTest$CuentaTestNombreSaldo" time="0.016"/>
</testsuite>